<?xml version="1.0" encoding="UTF-8"?>
<!-- Generated by org.testng.reporters.JUnitReportReporter -->
<testsuite skipped="0" hostname="LAPTOP-RG760NFN" name="com.actitime.customertest.CustomerTest" tests="1" failures="0" timestamp="04 May 2019 18:09:59 GMT" time="16.916" errors="0">
  <testcase name="createCustomerTest" time="16.916" classname="com.actitime.customertest.CustomerTest"/>
</testsuite> <!-- com.actitime.customertest.CustomerTest -->
