<?xml version="1.0" encoding="UTF-8"?>
<!-- Generated by org.testng.reporters.JUnitReportReporter -->
<testsuite skipped="0" hostname="LAPTOP-RG760NFN" name="com.testNG.programs.CustomerTest" tests="10" failures="0" timestamp="29 Apr 2019 07:07:20 GMT" time="0.028" errors="0">
  <testcase name="createCustomerTest" time="0.001" classname="com.testNG.programs.CustomerTest"/>
  <testcase name="createCustomerTest" time="0.002" classname="com.testNG.programs.CustomerTest"/>
  <testcase name="createCustomerTest" time="0.002" classname="com.testNG.programs.CustomerTest"/>
  <testcase name="createCustomerTest" time="0.010" classname="com.testNG.programs.CustomerTest"/>
  <testcase name="createCustomerTest" time="0.003" classname="com.testNG.programs.CustomerTest"/>
  <testcase name="createCustomerTest" time="0.002" classname="com.testNG.programs.CustomerTest"/>
  <testcase name="createCustomerTest" time="0.002" classname="com.testNG.programs.CustomerTest"/>
  <testcase name="createCustomerTest" time="0.002" classname="com.testNG.programs.CustomerTest"/>
  <testcase name="createCustomerTest" time="0.002" classname="com.testNG.programs.CustomerTest"/>
  <testcase name="createCustomerTest" time="0.002" classname="com.testNG.programs.CustomerTest"/>
</testsuite> <!-- com.testNG.programs.CustomerTest -->
