<?xml version="1.0" encoding="UTF-8"?>
<!-- Generated by org.testng.reporters.JUnitReportReporter -->
<testsuite skipped="0" hostname="LAPTOP-RG760NFN" name="com.actitime.usertest.UserTest" tests="3" failures="0" timestamp="01 May 2019 15:25:09 GMT" time="0.012" errors="0">
  <testcase name="modifyUserTest" time="0.003" classname="com.actitime.usertest.UserTest"/>
  <testcase name="createUserTest" time="0.003" classname="com.actitime.usertest.UserTest"/>
  <testcase name="deleteUserTest" time="0.006" classname="com.actitime.usertest.UserTest"/>
</testsuite> <!-- com.actitime.usertest.UserTest -->
