<?xml version="1.0" encoding="UTF-8"?>
<!-- Generated by org.testng.reporters.JUnitReportReporter -->
<testsuite skipped="0" hostname="LAPTOP-RG760NFN" name="com.actitime.reporttest.ReportTest" tests="3" failures="0" timestamp="01 May 2019 15:25:09 GMT" time="7.182" errors="0">
  <testcase name="createReportTest" time="1.424" classname="com.actitime.reporttest.ReportTest"/>
  <testcase name="deleteReportTest" time="1.438" classname="com.actitime.reporttest.ReportTest"/>
  <testcase name="modifyReportTest" time="4.320" classname="com.actitime.reporttest.ReportTest"/>
</testsuite> <!-- com.actitime.reporttest.ReportTest -->
