<?xml version="1.0" encoding="UTF-8"?>
<!-- Generated by org.testng.reporters.JUnitReportReporter -->
<testsuite skipped="0" hostname="LAPTOP-RG760NFN" name="guru99EcomProject.Day1Testing" tests="1" failures="0" timestamp="29 Apr 2019 13:52:45 GMT" time="209.094" errors="0">
  <testcase name="testDay1TestCase1" time="209.094" classname="guru99EcomProject.Day1Testing"/>
</testsuite> <!-- guru99EcomProject.Day1Testing -->
